+++ Cleaning All ... 
+++ Compiling All ... 
gcc -O4  -c covid_fastq.c -o covid_fastq.o
covid_fastq.c: In function ‘main’:
covid_fastq.c:153:18: warning: implicit declaration of function ‘extractFastq’; did you mean ‘splitFastq’? [-Wimplicit-function-declaration]
     num_seqque = extractFastq(argv[args],pdata,Size_q_pdata);
                  ^~~~~~~~~~~~
                  splitFastq
gcc -O4  -c covid_frequ.c -o covid_frequ.o
gcc -O4  -c covid_comms.c -o covid_comms.o
gcc -O4  -c covid_names.c -o covid_names.o
gcc -O4  -c covid_nation.c -o covid_nation.o
gcc -O4  -c covidSNP.c -o covidSNP.o
covidSNP.c: In function ‘main’:
covidSNP.c:115:18: warning: implicit declaration of function ‘extractFastq’; did you mean ‘splitFastq’? [-Wimplicit-function-declaration]
     num_seqque = extractFastq(argv[args],pdata,Size_q_pdata);
                  ^~~~~~~~~~~~
                  splitFastq
gcc -O4  -c covidPangenome.c -o covidPangenome.o
covidPangenome.c: In function ‘main’:
covidPangenome.c:256:18: warning: implicit declaration of function ‘extractFastq’; did you mean ‘splitFastq’? [-Wimplicit-function-declaration]
     num_seqque = extractFastq(file_genome,pdata,Size_q_pdata);
                  ^~~~~~~~~~~~
                  splitFastq
gcc -O4  -c covidPileup.c -o covidPileup.o
gcc -O4  -c fast.c -o fast.o
for exe in covid_fastq covid_frequ covid_comms covid_names covid_nation covidSNP covidPangenome covidPileup;  do gcc -O4  -o $exe $exe.o fast.o -lm -pthread -lz; cp $exe covid-bin/.; done
+++ Cleaning Up ... 
All Done 
